<?xml version="1.0" encoding="UTF-8"?>
<!-- Generated by org.testng.reporters.JUnitReportReporter -->
<testsuite skipped="0" hostname="USER-PC" name="TestNG.TestNG_Parameter1" tests="1" failures="0" timestamp="27 Jul 2020 17:32:02 GMT" time="9.652" errors="0">
  <testcase name="Login_1" time="9.652" classname="TestNG.TestNG_Parameter1"/>
</testsuite> <!-- TestNG.TestNG_Parameter1 -->
